<?xml version="1.0" encoding="UTF-8"?>
<!-- Generated by org.testng.reporters.JUnitXMLReporter -->
<testsuite ignored="0" hostname="Spectra007" failures="1" tests="1" name="Test2" time="6.719" errors="0" timestamp="2023-11-24T16:13:58 IST">
  <testcase classname="TestBasics.NewTest" name="browserVerify" time="0.0">
    <failure type="org.testng.TestNGException" message="
Parameter &amp;apos;userNameField&amp;apos; is required by @Test on method browserVerify but has not been marked @Optional or defined
in C:\Users\Neenu\eclipse-workspace\SeleniumAt9PM\browserverify.xml">
      <![CDATA[org.testng.TestNGException: 
Parameter 'userNameField' is required by @Test on method browserVerify but has not been marked @Optional or defined
in C:\Users\Neenu\eclipse-workspace\SeleniumAt9PM\browserverify.xml
at java.base/java.util.ArrayList.forEach(ArrayList.java:1541)
... Removed 26 stack frames]]>
    </failure>
  </testcase> <!-- browserVerify -->
</testsuite> <!-- Test2 -->
